<?xml version="1.0" encoding="UTF-8"?>
<!-- Generated by org.testng.reporters.JUnitReportReporter -->
<testsuite hostname="ranto-HP-Laptop-14-cm0xxx" failures="0" tests="8" name="runnerFiles.RunnerFileTestNG" time="31.937" errors="1" timestamp="2022-07-19T20:30:06 WIB" skipped="0">
  <testcase classname="runnerFiles.RunnerFileTestNG" name="runScenario" time="6.738"/>
  <system-out/>
  <testcase classname="runnerFiles.RunnerFileTestNG" name="runScenario" time="6.228"/>
  <system-out/>
  <testcase classname="runnerFiles.RunnerFileTestNG" name="runScenario" time="0.009"/>
  <system-out/>
  <testcase classname="runnerFiles.RunnerFileTestNG" name="runScenario" time="7.745">
    <error message="unknown error: cannot determine loading status
from unknown error: unexpected command response
  (Session info: chrome=103.0.5060.53)
Build info: version: &#039;3.141.59&#039;, revision: &#039;e82be7d358&#039;, time: &#039;2018-11-14T08:17:03&#039;
System info: host: &#039;ranto-HP-Laptop-14-cm0xxx&#039;, ip: &#039;127.0.1.1&#039;, os.name: &#039;Linux&#039;, os.arch: &#039;amd64&#039;, os.version: &#039;5.15.0-41-generic&#039;, java.version: &#039;11.0.15&#039;
Driver info: org.openqa.selenium.chrome.ChromeDriver
Capabilities {acceptInsecureCerts: false, browserName: chrome, browserVersion: 103.0.5060.53, chrome: {chromedriverVersion: 103.0.5060.53 (a1711811edd7..., userDataDir: /tmp/.com.google.Chrome.axfVEA}, goog:chromeOptions: {debuggerAddress: localhost:44931}, javascriptEnabled: true, networkConnectionEnabled: false, pageLoadStrategy: normal, platform: LINUX, platformName: LINUX, proxy: Proxy(), setWindowRect: true, strictFileInteractability: false, timeouts: {implicit: 0, pageLoad: 300000, script: 30000}, unhandledPromptBehavior: dismiss and notify, webauthn:extension:credBlob: true, webauthn:extension:largeBlob: true, webauthn:virtualAuthenticators: true}
Session ID: f6eda5e909231d532a6f4ceee5e5cf2e" type="org.openqa.selenium.WebDriverException">
      <![CDATA[org.openqa.selenium.WebDriverException: unknown error: cannot determine loading status
from unknown error: unexpected command response
  (Session info: chrome=103.0.5060.53)
Build info: version: '3.141.59', revision: 'e82be7d358', time: '2018-11-14T08:17:03'
System info: host: 'ranto-HP-Laptop-14-cm0xxx', ip: '127.0.1.1', os.name: 'Linux', os.arch: 'amd64', os.version: '5.15.0-41-generic', java.version: '11.0.15'
Driver info: org.openqa.selenium.chrome.ChromeDriver
Capabilities {acceptInsecureCerts: false, browserName: chrome, browserVersion: 103.0.5060.53, chrome: {chromedriverVersion: 103.0.5060.53 (a1711811edd7..., userDataDir: /tmp/.com.google.Chrome.axfVEA}, goog:chromeOptions: {debuggerAddress: localhost:44931}, javascriptEnabled: true, networkConnectionEnabled: false, pageLoadStrategy: normal, platform: LINUX, platformName: LINUX, proxy: Proxy(), setWindowRect: true, strictFileInteractability: false, timeouts: {implicit: 0, pageLoad: 300000, script: 30000}, unhandledPromptBehavior: dismiss and notify, webauthn:extension:credBlob: true, webauthn:extension:largeBlob: true, webauthn:virtualAuthenticators: true}
Session ID: f6eda5e909231d532a6f4ceee5e5cf2e
at java.base/jdk.internal.reflect.NativeConstructorAccessorImpl.newInstance0(Native Method)
at java.base/jdk.internal.reflect.NativeConstructorAccessorImpl.newInstance(NativeConstructorAccessorImpl.java:62)
at java.base/jdk.internal.reflect.DelegatingConstructorAccessorImpl.newInstance(DelegatingConstructorAccessorImpl.java:45)
at java.base/java.lang.reflect.Constructor.newInstance(Constructor.java:490)
at org.openqa.selenium.remote.http.W3CHttpResponseCodec.createException(W3CHttpResponseCodec.java:187)
at org.openqa.selenium.remote.http.W3CHttpResponseCodec.decode(W3CHttpResponseCodec.java:122)
at org.openqa.selenium.remote.http.W3CHttpResponseCodec.decode(W3CHttpResponseCodec.java:49)
at org.openqa.selenium.remote.HttpCommandExecutor.execute(HttpCommandExecutor.java:158)
at org.openqa.selenium.remote.service.DriverCommandExecutor.execute(DriverCommandExecutor.java:83)
at org.openqa.selenium.remote.RemoteWebDriver.execute(RemoteWebDriver.java:552)
at org.openqa.selenium.remote.RemoteWebElement.execute(RemoteWebElement.java:285)
at org.openqa.selenium.remote.RemoteWebElement.submit(RemoteWebElement.java:88)
at stepdefs.RegisterStepDef.user_menekan_tombol_submit(RegisterStepDef.java:38)
at âœ½.User menekan tombol submit(file:///home/ancient/Documents/java/Cucumber-jc/src/test/resources/FeaturesFiles/Register.feature:7)
]]>
    </error>
  </testcase> <!-- runScenario -->
  <system-out/>
  <testcase classname="runnerFiles.RunnerFileTestNG" name="runScenario" time="0.231"/>
  <system-out/>
  <testcase classname="runnerFiles.RunnerFileTestNG" name="runScenario" time="0.016"/>
  <system-out/>
  <testcase classname="runnerFiles.RunnerFileTestNG" name="runScenario" time="10.962"/>
  <system-out/>
  <testcase classname="runnerFiles.RunnerFileTestNG" name="runScenario" time="0.008"/>
  <system-out/>
</testsuite> <!-- runnerFiles.RunnerFileTestNG -->
