<?xml version="1.0" encoding="UTF-8"?>
<!-- Generated by org.testng.reporters.JUnitReportReporter -->
<testsuite hostname="ranto-HP-Laptop-14-cm0xxx" failures="0" tests="1" name="runnerFiles.RunnerFileTestPalindrome" time="0.277" errors="1" timestamp="2022-07-17T20:40:32 WIB" skipped="0">
  <testcase classname="runnerFiles.RunnerFileTestPalindrome" name="setUpClass" time="0.277">
    <error message="Failed to parse resource at: file:///home/ancient/Documents/java/Cucumber-jc/src/test/resources/FeaturesFiles/PalindromFeature.feature" type="io.cucumber.core.gherkin.FeatureParserException">
      <![CDATA[io.cucumber.core.gherkin.FeatureParserException: Failed to parse resource at: file:///home/ancient/Documents/java/Cucumber-jc/src/test/resources/FeaturesFiles/PalindromFeature.feature
at io.cucumber.core.gherkin.vintage.GherkinVintageFeatureParser.parseGherkin5(GherkinVintageFeatureParser.java:40)
at io.cucumber.core.gherkin.vintage.GherkinVintageFeatureParser.parse(GherkinVintageFeatureParser.java:58)
at io.cucumber.core.feature.FeatureParser.parseResource(FeatureParser.java:44)
at java.base/java.util.function.BiFunction.lambda$andThen$0(BiFunction.java:70)
at io.cucumber.core.resource.ResourceScanner.lambda$processResource$2(ResourceScanner.java:126)
at io.cucumber.core.resource.PathScanner$ResourceFileVisitor.visitFile(PathScanner.java:67)
at io.cucumber.core.resource.PathScanner$ResourceFileVisitor.visitFile(PathScanner.java:52)
at java.base/java.nio.file.Files.walkFileTree(Files.java:2725)
at java.base/java.nio.file.Files.walkFileTree(Files.java:2797)
at io.cucumber.core.resource.PathScanner.findResourcesForPath(PathScanner.java:46)
at io.cucumber.core.resource.PathScanner.findResourcesForUri(PathScanner.java:26)
at io.cucumber.core.resource.ResourceScanner.findResourcesForUri(ResourceScanner.java:109)
at io.cucumber.core.resource.ResourceScanner.scanForResourcesUri(ResourceScanner.java:86)
at io.cucumber.core.runtime.FeaturePathFeatureSupplier.loadFeatures(FeaturePathFeatureSupplier.java:61)
at io.cucumber.core.runtime.FeaturePathFeatureSupplier.get(FeaturePathFeatureSupplier.java:45)
at io.cucumber.testng.TestNGCucumberRunner.<init>(TestNGCucumberRunner.java:114)
at io.cucumber.testng.AbstractTestNGCucumberTests.setUpClass(AbstractTestNGCucumberTests.java:22)
at java.base/jdk.internal.reflect.NativeMethodAccessorImpl.invoke0(Native Method)
at java.base/jdk.internal.reflect.NativeMethodAccessorImpl.invoke(NativeMethodAccessorImpl.java:62)
at java.base/jdk.internal.reflect.DelegatingMethodAccessorImpl.invoke(DelegatingMethodAccessorImpl.java:43)
at java.base/java.lang.reflect.Method.invoke(Method.java:566)
at org.testng.internal.MethodInvocationHelper.invokeMethod(MethodInvocationHelper.java:134)
at org.testng.internal.MethodInvocationHelper.invokeMethodConsideringTimeout(MethodInvocationHelper.java:63)
at org.testng.internal.ConfigInvoker.invokeConfigurationMethod(ConfigInvoker.java:348)
at org.testng.internal.ConfigInvoker.invokeConfigurations(ConfigInvoker.java:302)
at org.testng.internal.TestMethodWorker.invokeBeforeClassMethods(TestMethodWorker.java:176)
at org.testng.internal.TestMethodWorker.run(TestMethodWorker.java:122)
at java.base/java.util.ArrayList.forEach(ArrayList.java:1541)
at org.testng.TestRunner.privateRun(TestRunner.java:766)
at org.testng.TestRunner.run(TestRunner.java:587)
at org.testng.SuiteRunner.runTest(SuiteRunner.java:384)
at org.testng.SuiteRunner.runSequentially(SuiteRunner.java:378)
at org.testng.SuiteRunner.privateRun(SuiteRunner.java:337)
at org.testng.SuiteRunner.run(SuiteRunner.java:286)
at org.testng.SuiteRunnerWorker.runSuite(SuiteRunnerWorker.java:53)
at org.testng.SuiteRunnerWorker.run(SuiteRunnerWorker.java:96)
at org.testng.TestNG.runSuitesSequentially(TestNG.java:1187)
at org.testng.TestNG.runSuitesLocally(TestNG.java:1109)
at org.testng.TestNG.runSuites(TestNG.java:1039)
at org.testng.TestNG.run(TestNG.java:1007)
at org.testng.remote.AbstractRemoteTestNG.run(AbstractRemoteTestNG.java:115)
at org.testng.remote.RemoteTestNG.initAndRun(RemoteTestNG.java:251)
at org.testng.remote.RemoteTestNG.main(RemoteTestNG.java:77)
Caused by: io.cucumber.core.gherkin.vintage.internal.gherkin.ParserException$CompositeParserException: Parser errors:
(1:1): expected: #EOF, #Language, #TagLine, #FeatureLine, #Comment, #Empty, got 'Scenario: Valid Palindrome'
(2:5): expected: #EOF, #Language, #TagLine, #FeatureLine, #Comment, #Empty, got 'Given I entered string "kodok"'
(3:5): expected: #EOF, #Language, #TagLine, #FeatureLine, #Comment, #Empty, got 'When I test it for Palindrome'
(4:5): expected: #EOF, #Language, #TagLine, #FeatureLine, #Comment, #Empty, got 'Then the result should be "true"'
(6:1): expected: #EOF, #Language, #TagLine, #FeatureLine, #Comment, #Empty, got 'Scenario: Invalid Palindrome'
(7:5): expected: #EOF, #Language, #TagLine, #FeatureLine, #Comment, #Empty, got 'Given I entered string "kamar"'
(8:5): expected: #EOF, #Language, #TagLine, #FeatureLine, #Comment, #Empty, got 'When I test it for Palindrome'
(9:5): expected: #EOF, #Language, #TagLine, #FeatureLine, #Comment, #Empty, got 'Then the result should be "false"'
(11:3): expected: #EOF, #Language, #TagLine, #FeatureLine, #Comment, #Empty, got 'Scenario Outline: Check if String is Palindrome'
(12:3): expected: #EOF, #Language, #TagLine, #FeatureLine, #Comment, #Empty, got 'Given I entered word <wordToTest>'
(13:3): expected: #EOF, #Language, #TagLine, #FeatureLine, #Comment, #Empty, got 'When I test it for Palindrome'
at io.cucumber.core.gherkin.vintage.internal.gherkin.Parser.addError(Parser.java:152)
at io.cucumber.core.gherkin.vintage.internal.gherkin.Parser.matchTokenAt_0(Parser.java:491)
at io.cucumber.core.gherkin.vintage.internal.gherkin.Parser.matchToken(Parser.java:337)
at io.cucumber.core.gherkin.vintage.internal.gherkin.Parser.parse(Parser.java:137)
at io.cucumber.core.gherkin.vintage.internal.gherkin.Parser.parse(Parser.java:118)
at io.cucumber.core.gherkin.vintage.internal.gherkin.Parser.parse(Parser.java:114)
at io.cucumber.core.gherkin.vintage.GherkinVintageFeatureParser.parseGherkin5(GherkinVintageFeatureParser.java:29)
... 42 more
]]>
    </error>
  </testcase> <!-- setUpClass -->
  <system-out/>
</testsuite> <!-- runnerFiles.RunnerFileTestPalindrome -->
